<?xml version="1.0" encoding="UTF-8"?>
<!-- Generated by org.testng.reporters.JUnitReportReporter -->
<testsuite hostname="DESKTOP-TFUFUVK" failures="0" tests="1" name="SatishRaja.Project_ContinousIntegration.AppTest" time="14.517" errors="0" timestamp="2024-01-11T11:55:55 IST" skipped="0">
  <testcase classname="SatishRaja.Project_ContinousIntegration.AppTest" name="Demo1" time="14.517"/>
</testsuite> <!-- SatishRaja.Project_ContinousIntegration.AppTest -->
