<?xml version="1.0" encoding="UTF-8"?>
<!-- Generated by org.testng.reporters.JUnitReportReporter -->
<testsuite hostname="DESKTOP-TFUFUVK" failures="0" tests="1" name="SatishRaja.Project_ContinousIntegration.AddedGitHubTest" time="0.004" errors="0" timestamp="2024-01-11T19:28:55 IST" skipped="0">
  <testcase classname="SatishRaja.Project_ContinousIntegration.AddedGitHubTest" name="TestSample2" time="0.004"/>
</testsuite> <!-- SatishRaja.Project_ContinousIntegration.AddedGitHubTest -->
