<?xml version="1.0" encoding="UTF-8"?>
<!-- Generated by org.testng.reporters.JUnitReportReporter -->
<testsuite hostname="DESKTOP-TFUFUVK" failures="0" tests="1" name="SatishRaja.Project_ContinousIntegration.DemoContinousIntegrationTest" time="12.463" errors="0" timestamp="2024-01-13T13:05:11 IST" skipped="0">
  <testcase classname="SatishRaja.Project_ContinousIntegration.DemoContinousIntegrationTest" name="Demo1" time="12.463"/>
</testsuite> <!-- SatishRaja.Project_ContinousIntegration.DemoContinousIntegrationTest -->
