<?xml version="1.0" encoding="UTF-8"?>
<!-- Generated by org.testng.reporters.JUnitReportReporter -->
<testsuite hostname="DESKTOP-TFUFUVK" failures="0" tests="1" name="SatishRaja.Project_ContinousIntegration.AppTest" time="12.341" errors="0" timestamp="2024-01-11T11:56:18 IST" skipped="0">
  <testcase classname="SatishRaja.Project_ContinousIntegration.AppTest" name="Demo1" time="12.341"/>
</testsuite> <!-- SatishRaja.Project_ContinousIntegration.AppTest -->
